<?xml version="1.0" encoding="UTF-8"?>
<!-- Generated by org.testng.reporters.JUnitXMLReporter -->
<testsuite ignored="0" hostname="NU-PLakare" failures="0" tests="3" name="Default test" time="6.691" errors="0" timestamp="2023-07-16T23:29:09 IST">
  <testcase classname="com.test.petstore_api_testing_framework.testcases.PetAPITestCases" name="createpet" time="2.736"/>
  <testcase classname="com.test.petstore_api_testing_framework.testcases.PetAPITestCases" name="updatePet" time="1.477"/>
  <testcase classname="com.test.petstore_api_testing_framework.testcases.PetAPITestCases" name="getPet" time="2.19"/>
</testsuite> <!-- Default test -->
