<?xml version="1.0" encoding="UTF-8"?>
<!-- Generated by org.testng.reporters.JUnitXMLReporter -->
<testsuite ignored="0" hostname="NU-PLakare" failures="1" tests="1" name="Test" time="1.128" errors="0" timestamp="2023-07-15T14:12:41 IST">
  <testcase classname="com.test.petstore_api_testing_framework.testcases.rough_create_users" name="createListOfUser" time="1.036">
    <failure type="io.qameta.allure.attachment.AttachmentRenderException" message="Could&amp;apos;t render http attachment file">
      <![CDATA[io.qameta.allure.attachment.AttachmentRenderException: Could't render http attachment file
at io.qameta.allure.attachment.FreemarkerAttachmentRenderer.render(FreemarkerAttachmentRenderer.java:49)
at io.qameta.allure.attachment.FreemarkerAttachmentRenderer.render(FreemarkerAttachmentRenderer.java:28)
at io.qameta.allure.attachment.DefaultAttachmentProcessor.addAttachment(DefaultAttachmentProcessor.java:41)
at io.qameta.allure.restassured.AllureRestAssured.filter(AllureRestAssured.java:102)
at io.restassured.filter.Filter$filter.call(Unknown Source)
at org.codehaus.groovy.runtime.callsite.CallSiteArray.defaultCall(CallSiteArray.java:47)
at io.restassured.filter.Filter$filter.call(Unknown Source)
at io.restassured.internal.filter.FilterContextImpl.next(FilterContextImpl.groovy:72)
at io.restassured.filter.log.RequestLoggingFilter.filter(RequestLoggingFilter.java:140)
at io.restassured.filter.Filter$filter.call(Unknown Source)
at org.codehaus.groovy.runtime.callsite.CallSiteArray.defaultCall(CallSiteArray.java:47)
at io.restassured.filter.Filter$filter.call(Unknown Source)
at io.restassured.internal.filter.FilterContextImpl.next(FilterContextImpl.groovy:72)
at com.test.petstore_api_testing_framework.listeners.RestAssuredListener.filter(RestAssuredListener.java:19)
at io.restassured.filter.Filter$filter.call(Unknown Source)
at org.codehaus.groovy.runtime.callsite.CallSiteArray.defaultCall(CallSiteArray.java:47)
at org.codehaus.groovy.runtime.callsite.AbstractCallSite.call(AbstractCallSite.java:125)
at org.codehaus.groovy.runtime.callsite.AbstractCallSite.call(AbstractCallSite.java:157)
at io.restassured.internal.filter.FilterContextImpl.next(FilterContextImpl.groovy:72)
at io.restassured.filter.FilterContext$next.call(Unknown Source)
at org.codehaus.groovy.runtime.callsite.CallSiteArray.defaultCall(CallSiteArray.java:47)
at org.codehaus.groovy.runtime.callsite.AbstractCallSite.call(AbstractCallSite.java:125)
at org.codehaus.groovy.runtime.callsite.AbstractCallSite.call(AbstractCallSite.java:148)
at io.restassured.internal.RequestSpecificationImpl.applyPathParamsAndSendRequest(RequestSpecificationImpl.groovy:1655)
at groovy.lang.MetaMethod.doMethodInvoke(MetaMethod.java:323)
at groovy.lang.MetaClassImpl.invokeMethod(MetaClassImpl.java:1268)
at groovy.lang.MetaClassImpl.invokeMethod(MetaClassImpl.java:1035)
at groovy.lang.MetaClassImpl.invokeMethod(MetaClassImpl.java:819)
at groovy.lang.GroovyObject.invokeMethod(GroovyObject.java:39)
at org.codehaus.groovy.runtime.callsite.PogoInterceptableSite.call(PogoInterceptableSite.java:45)
at org.codehaus.groovy.runtime.callsite.PogoInterceptableSite.callCurrent(PogoInterceptableSite.java:55)
at org.codehaus.groovy.runtime.callsite.CallSiteArray.defaultCallCurrent(CallSiteArray.java:51)
at org.codehaus.groovy.runtime.callsite.AbstractCallSite.callCurrent(AbstractCallSite.java:171)
at org.codehaus.groovy.runtime.callsite.AbstractCallSite.callCurrent(AbstractCallSite.java:203)
at io.restassured.internal.RequestSpecificationImpl.applyPathParamsAndSendRequest(RequestSpecificationImpl.groovy:1661)
at groovy.lang.MetaMethod.doMethodInvoke(MetaMethod.java:323)
at groovy.lang.MetaClassImpl.invokeMethod(MetaClassImpl.java:1268)
at groovy.lang.MetaClassImpl.invokeMethod(MetaClassImpl.java:1035)
at groovy.lang.MetaClassImpl.invokeMethod(MetaClassImpl.java:819)
at groovy.lang.GroovyObject.invokeMethod(GroovyObject.java:39)
at org.codehaus.groovy.runtime.callsite.PogoInterceptableSite.call(PogoInterceptableSite.java:45)
at org.codehaus.groovy.runtime.callsite.PogoInterceptableSite.callCurrent(PogoInterceptableSite.java:55)
at org.codehaus.groovy.runtime.callsite.CallSiteArray.defaultCallCurrent(CallSiteArray.java:51)
at org.codehaus.groovy.runtime.callsite.AbstractCallSite.callCurrent(AbstractCallSite.java:171)
at org.codehaus.groovy.runtime.callsite.AbstractCallSite.callCurrent(AbstractCallSite.java:203)
at io.restassured.internal.RequestSpecificationImpl.post(RequestSpecificationImpl.groovy:175)
at io.restassured.internal.RequestSpecificationImpl.post(RequestSpecificationImpl.groovy)
at com.test.petstore_api_testing_framework.testcases.rough_create_users.createListOfUser(rough_create_users.java:66)
at java.base/java.util.ArrayList.forEach(ArrayList.java:1511)
Caused by: freemarker.core.ParseException: Syntax error in template "http-request.ftl" in line 1, column 7:
Unknown FTL header parameter: output_format
at freemarker.core.FMParser.HeaderElement(FMParser.java:3374)
at freemarker.core.FMParser.Root(FMParser.java:3428)
at freemarker.template.Template.<init>(Template.java:208)
at freemarker.cache.TemplateCache.loadTemplate(TemplateCache.java:495)
at freemarker.cache.TemplateCache.getTemplate(TemplateCache.java:409)
at freemarker.cache.TemplateCache.getTemplate(TemplateCache.java:261)
at freemarker.template.Configuration.getTemplate(Configuration.java:1786)
at freemarker.template.Configuration.getTemplate(Configuration.java:1646)
at io.qameta.allure.attachment.FreemarkerAttachmentRenderer.render(FreemarkerAttachmentRenderer.java:45)
... 79 more
... Removed 31 stack frames]]>
    </failure>
  </testcase> <!-- createListOfUser -->
</testsuite> <!-- Test -->
