<?xml version="1.0" encoding="UTF-8"?>
<!-- Generated by org.testng.reporters.JUnitXMLReporter -->
<testsuite ignored="0" hostname="NU-PLakare" failures="0" tests="6" name="Test" time="11.135" errors="0" timestamp="2023-07-16T23:43:38 IST">
  <testcase classname="com.test.petstore_api_testing_framework.testcases.PetAPITestCases" name="createpet" time="2.679"/>
  <testcase classname="com.test.petstore_api_testing_framework.testcases.PetAPITestCases" name="updatePet" time="1.521"/>
  <testcase classname="com.test.petstore_api_testing_framework.testcases.PetAPITestCases" name="getPet" time="2.156"/>
  <testcase classname="com.test.petstore_api_testing_framework.testcases.UserAPITestCases" name="createListOfUser" time="1.517"/>
  <testcase classname="com.test.petstore_api_testing_framework.testcases.UserAPITestCases" name="updateUserDetail" time="1.485"/>
  <testcase classname="com.test.petstore_api_testing_framework.testcases.UserAPITestCases" name="getUserDetail" time="1.443"/>
</testsuite> <!-- Test -->
