<?xml version="1.0" encoding="UTF-8"?>
<testng-results ignored="0" total="6" passed="6" failed="0" skipped="0">
  <reporter-output>
  </reporter-output>
  <suite started-at="2023-07-16T23:43:27 IST" name="Suite" finished-at="2023-07-16T23:43:38 IST" duration-ms="11135">
    <groups>
    </groups>
    <test started-at="2023-07-16T23:43:27 IST" name="Test" finished-at="2023-07-16T23:43:38 IST" duration-ms="11135">
      <class name="com.test.petstore_api_testing_framework.testcases.PetAPITestCases">
        <test-method is-config="true" signature="beforeMethod()[pri:0, instance:com.test.petstore_api_testing_framework.testcases.PetAPITestCases@68759011]" started-at="2023-07-16T23:43:27 IST" name="beforeMethod" finished-at="2023-07-16T23:43:27 IST" duration-ms="236" status="PASS">
          <reporter-output>
          </reporter-output>
        </test-method> <!-- beforeMethod -->
        <test-method signature="createpet()[pri:0, instance:com.test.petstore_api_testing_framework.testcases.PetAPITestCases@68759011]" started-at="2023-07-16T23:43:27 IST" name="createpet" finished-at="2023-07-16T23:43:30 IST" duration-ms="2679" status="PASS">
          <reporter-output>
          </reporter-output>
        </test-method> <!-- createpet -->
        <test-method is-config="true" signature="afterMethod(org.testng.ITestResult)[pri:0, instance:com.test.petstore_api_testing_framework.testcases.PetAPITestCases@68759011]" started-at="2023-07-16T23:43:30 IST" name="afterMethod" finished-at="2023-07-16T23:43:30 IST" duration-ms="1" status="PASS">
          <params>
            <param index="0">
              <value>
                <![CDATA[[TestResult name=createpet status=SUCCESS method=PetAPITestCases.createpet()[pri:0, instance:com.test.petstore_api_testing_framework.testcases.PetAPITestCases@68759011] output={null}]]]>
              </value>
            </param>
          </params>
          <reporter-output>
          </reporter-output>
        </test-method> <!-- afterMethod -->
        <test-method is-config="true" signature="beforeMethod()[pri:0, instance:com.test.petstore_api_testing_framework.testcases.PetAPITestCases@68759011]" started-at="2023-07-16T23:43:30 IST" name="beforeMethod" finished-at="2023-07-16T23:43:30 IST" duration-ms="0" status="PASS">
          <reporter-output>
          </reporter-output>
        </test-method> <!-- beforeMethod -->
        <test-method signature="updatePet()[pri:1, instance:com.test.petstore_api_testing_framework.testcases.PetAPITestCases@68759011]" started-at="2023-07-16T23:43:30 IST" name="updatePet" finished-at="2023-07-16T23:43:32 IST" duration-ms="1521" status="PASS">
          <reporter-output>
          </reporter-output>
        </test-method> <!-- updatePet -->
        <test-method is-config="true" signature="afterMethod(org.testng.ITestResult)[pri:0, instance:com.test.petstore_api_testing_framework.testcases.PetAPITestCases@68759011]" started-at="2023-07-16T23:43:32 IST" name="afterMethod" finished-at="2023-07-16T23:43:32 IST" duration-ms="0" status="PASS">
          <params>
            <param index="0">
              <value>
                <![CDATA[[TestResult name=updatePet status=SUCCESS method=PetAPITestCases.updatePet()[pri:1, instance:com.test.petstore_api_testing_framework.testcases.PetAPITestCases@68759011] output={null}]]]>
              </value>
            </param>
          </params>
          <reporter-output>
          </reporter-output>
        </test-method> <!-- afterMethod -->
        <test-method is-config="true" signature="beforeMethod()[pri:0, instance:com.test.petstore_api_testing_framework.testcases.PetAPITestCases@68759011]" started-at="2023-07-16T23:43:32 IST" name="beforeMethod" finished-at="2023-07-16T23:43:32 IST" duration-ms="0" status="PASS">
          <reporter-output>
          </reporter-output>
        </test-method> <!-- beforeMethod -->
        <test-method signature="getPet()[pri:2, instance:com.test.petstore_api_testing_framework.testcases.PetAPITestCases@68759011]" started-at="2023-07-16T23:43:32 IST" name="getPet" finished-at="2023-07-16T23:43:34 IST" duration-ms="2156" status="PASS">
          <reporter-output>
          </reporter-output>
        </test-method> <!-- getPet -->
        <test-method is-config="true" signature="afterMethod(org.testng.ITestResult)[pri:0, instance:com.test.petstore_api_testing_framework.testcases.PetAPITestCases@68759011]" started-at="2023-07-16T23:43:34 IST" name="afterMethod" finished-at="2023-07-16T23:43:34 IST" duration-ms="1" status="PASS">
          <params>
            <param index="0">
              <value>
                <![CDATA[[TestResult name=getPet status=SUCCESS method=PetAPITestCases.getPet()[pri:2, instance:com.test.petstore_api_testing_framework.testcases.PetAPITestCases@68759011] output={null}]]]>
              </value>
            </param>
          </params>
          <reporter-output>
          </reporter-output>
        </test-method> <!-- afterMethod -->
      </class> <!-- com.test.petstore_api_testing_framework.testcases.PetAPITestCases -->
      <class name="com.test.petstore_api_testing_framework.testcases.UserAPITestCases">
        <test-method is-config="true" signature="beforeMethod()[pri:0, instance:com.test.petstore_api_testing_framework.testcases.UserAPITestCases@756cf158]" started-at="2023-07-16T23:43:34 IST" name="beforeMethod" finished-at="2023-07-16T23:43:34 IST" duration-ms="1" status="PASS">
          <reporter-output>
          </reporter-output>
        </test-method> <!-- beforeMethod -->
        <test-method signature="createListOfUser()[pri:0, instance:com.test.petstore_api_testing_framework.testcases.UserAPITestCases@756cf158]" started-at="2023-07-16T23:43:34 IST" name="createListOfUser" description="Creating list of users" finished-at="2023-07-16T23:43:35 IST" duration-ms="1517" status="PASS">
          <reporter-output>
          </reporter-output>
        </test-method> <!-- createListOfUser -->
        <test-method is-config="true" signature="afterMethod(org.testng.ITestResult)[pri:0, instance:com.test.petstore_api_testing_framework.testcases.UserAPITestCases@756cf158]" started-at="2023-07-16T23:43:35 IST" name="afterMethod" finished-at="2023-07-16T23:43:35 IST" duration-ms="0" status="PASS">
          <params>
            <param index="0">
              <value>
                <![CDATA[[TestResult name=createListOfUser status=SUCCESS method=UserAPITestCases.createListOfUser()[pri:0, instance:com.test.petstore_api_testing_framework.testcases.UserAPITestCases@756cf158] output={null}]]]>
              </value>
            </param>
          </params>
          <reporter-output>
          </reporter-output>
        </test-method> <!-- afterMethod -->
        <test-method signature="updateUserDetail()[pri:1, instance:com.test.petstore_api_testing_framework.testcases.UserAPITestCases@756cf158]" started-at="2023-07-16T23:43:35 IST" name="updateUserDetail" finished-at="2023-07-16T23:43:37 IST" depends-on-methods="com.test.petstore_api_testing_framework.testcases.UserAPITestCases.createListOfUser" duration-ms="1485" status="PASS">
          <reporter-output>
          </reporter-output>
        </test-method> <!-- updateUserDetail -->
        <test-method is-config="true" signature="beforeMethod()[pri:0, instance:com.test.petstore_api_testing_framework.testcases.UserAPITestCases@756cf158]" started-at="2023-07-16T23:43:35 IST" name="beforeMethod" finished-at="2023-07-16T23:43:35 IST" duration-ms="0" status="PASS">
          <reporter-output>
          </reporter-output>
        </test-method> <!-- beforeMethod -->
        <test-method is-config="true" signature="afterMethod(org.testng.ITestResult)[pri:0, instance:com.test.petstore_api_testing_framework.testcases.UserAPITestCases@756cf158]" started-at="2023-07-16T23:43:37 IST" name="afterMethod" finished-at="2023-07-16T23:43:37 IST" duration-ms="0" status="PASS">
          <params>
            <param index="0">
              <value>
                <![CDATA[[TestResult name=updateUserDetail status=SUCCESS method=UserAPITestCases.updateUserDetail()[pri:1, instance:com.test.petstore_api_testing_framework.testcases.UserAPITestCases@756cf158] output={null}]]]>
              </value>
            </param>
          </params>
          <reporter-output>
          </reporter-output>
        </test-method> <!-- afterMethod -->
        <test-method is-config="true" signature="beforeMethod()[pri:0, instance:com.test.petstore_api_testing_framework.testcases.UserAPITestCases@756cf158]" started-at="2023-07-16T23:43:37 IST" name="beforeMethod" finished-at="2023-07-16T23:43:37 IST" duration-ms="0" status="PASS">
          <reporter-output>
          </reporter-output>
        </test-method> <!-- beforeMethod -->
        <test-method signature="getUserDetail()[pri:2, instance:com.test.petstore_api_testing_framework.testcases.UserAPITestCases@756cf158]" started-at="2023-07-16T23:43:37 IST" name="getUserDetail" finished-at="2023-07-16T23:43:38 IST" depends-on-methods="com.test.petstore_api_testing_framework.testcases.UserAPITestCases.updateUserDetail" duration-ms="1443" status="PASS">
          <reporter-output>
          </reporter-output>
        </test-method> <!-- getUserDetail -->
        <test-method is-config="true" signature="afterMethod(org.testng.ITestResult)[pri:0, instance:com.test.petstore_api_testing_framework.testcases.UserAPITestCases@756cf158]" started-at="2023-07-16T23:43:38 IST" name="afterMethod" finished-at="2023-07-16T23:43:38 IST" duration-ms="0" status="PASS">
          <params>
            <param index="0">
              <value>
                <![CDATA[[TestResult name=getUserDetail status=SUCCESS method=UserAPITestCases.getUserDetail()[pri:2, instance:com.test.petstore_api_testing_framework.testcases.UserAPITestCases@756cf158] output={null}]]]>
              </value>
            </param>
          </params>
          <reporter-output>
          </reporter-output>
        </test-method> <!-- afterMethod -->
      </class> <!-- com.test.petstore_api_testing_framework.testcases.UserAPITestCases -->
    </test> <!-- Test -->
  </suite> <!-- Suite -->
</testng-results>
