<?xml version="1.0" encoding="UTF-8"?>
<testsuite xmlns:xsi="http://www.w3.org/2001/XMLSchema-instance" xsi:noNamespaceSchemaLocation="https://maven.apache.org/surefire/maven-surefire-plugin/xsd/surefire-test-report.xsd" name="TestSuite" time="11.901" tests="6" errors="0" skipped="0" failures="0">
  <properties>
[...]
</properties>
  <testcase name="createpet" classname="com.test.petstore_api_testing_framework.testcases.PetAPITestCases" time="2.667"/>
  <testcase name="updatePet" classname="com.test.petstore_api_testing_framework.testcases.PetAPITestCases" time="1.521"/>
  <testcase name="getPet" classname="com.test.petstore_api_testing_framework.testcases.PetAPITestCases" time="2.266"/>
  <testcase name="createListOfUser" classname="com.test.petstore_api_testing_framework.testcases.UserAPITestCases" time="1.419"/>
  <testcase name="updateUserDetail" classname="com.test.petstore_api_testing_framework.testcases.UserAPITestCases" time="1.485"/>
  <testcase name="getUserDetail" classname="com.test.petstore_api_testing_framework.testcases.UserAPITestCases" time="1.444"/>
</testsuite>