<?xml version="1.0" encoding="UTF-8"?>
<testng-results ignored="0" total="3" passed="3" failed="0" skipped="0">
  <reporter-output>
  </reporter-output>
  <suite started-at="2023-07-16T23:29:02 IST" name="Default suite" finished-at="2023-07-16T23:29:09 IST" duration-ms="6691">
    <groups>
    </groups>
    <test started-at="2023-07-16T23:29:02 IST" name="Default test" finished-at="2023-07-16T23:29:09 IST" duration-ms="6691">
      <class name="com.test.petstore_api_testing_framework.testcases.PetAPITestCases">
        <test-method is-config="true" signature="beforeMethod()[pri:0, instance:com.test.petstore_api_testing_framework.testcases.PetAPITestCases@11dee337]" started-at="2023-07-16T23:29:02 IST" name="beforeMethod" finished-at="2023-07-16T23:29:03 IST" duration-ms="209" status="PASS">
          <reporter-output>
          </reporter-output>
        </test-method> <!-- beforeMethod -->
        <test-method signature="createpet()[pri:0, instance:com.test.petstore_api_testing_framework.testcases.PetAPITestCases@11dee337]" started-at="2023-07-16T23:29:03 IST" name="createpet" finished-at="2023-07-16T23:29:05 IST" duration-ms="2736" status="PASS">
          <reporter-output>
          </reporter-output>
        </test-method> <!-- createpet -->
        <test-method is-config="true" signature="afterMethod(org.testng.ITestResult)[pri:0, instance:com.test.petstore_api_testing_framework.testcases.PetAPITestCases@11dee337]" started-at="2023-07-16T23:29:05 IST" name="afterMethod" finished-at="2023-07-16T23:29:05 IST" duration-ms="2" status="PASS">
          <params>
            <param index="0">
              <value>
                <![CDATA[[TestResult name=createpet status=SUCCESS method=PetAPITestCases.createpet()[pri:0, instance:com.test.petstore_api_testing_framework.testcases.PetAPITestCases@11dee337] output={null}]]]>
              </value>
            </param>
          </params>
          <reporter-output>
          </reporter-output>
        </test-method> <!-- afterMethod -->
        <test-method is-config="true" signature="beforeMethod()[pri:0, instance:com.test.petstore_api_testing_framework.testcases.PetAPITestCases@11dee337]" started-at="2023-07-16T23:29:05 IST" name="beforeMethod" finished-at="2023-07-16T23:29:05 IST" duration-ms="0" status="PASS">
          <reporter-output>
          </reporter-output>
        </test-method> <!-- beforeMethod -->
        <test-method signature="updatePet()[pri:1, instance:com.test.petstore_api_testing_framework.testcases.PetAPITestCases@11dee337]" started-at="2023-07-16T23:29:05 IST" name="updatePet" finished-at="2023-07-16T23:29:07 IST" duration-ms="1477" status="PASS">
          <reporter-output>
          </reporter-output>
        </test-method> <!-- updatePet -->
        <test-method is-config="true" signature="afterMethod(org.testng.ITestResult)[pri:0, instance:com.test.petstore_api_testing_framework.testcases.PetAPITestCases@11dee337]" started-at="2023-07-16T23:29:07 IST" name="afterMethod" finished-at="2023-07-16T23:29:07 IST" duration-ms="0" status="PASS">
          <params>
            <param index="0">
              <value>
                <![CDATA[[TestResult name=updatePet status=SUCCESS method=PetAPITestCases.updatePet()[pri:1, instance:com.test.petstore_api_testing_framework.testcases.PetAPITestCases@11dee337] output={null}]]]>
              </value>
            </param>
          </params>
          <reporter-output>
          </reporter-output>
        </test-method> <!-- afterMethod -->
        <test-method is-config="true" signature="beforeMethod()[pri:0, instance:com.test.petstore_api_testing_framework.testcases.PetAPITestCases@11dee337]" started-at="2023-07-16T23:29:07 IST" name="beforeMethod" finished-at="2023-07-16T23:29:07 IST" duration-ms="1" status="PASS">
          <reporter-output>
          </reporter-output>
        </test-method> <!-- beforeMethod -->
        <test-method signature="getPet()[pri:2, instance:com.test.petstore_api_testing_framework.testcases.PetAPITestCases@11dee337]" started-at="2023-07-16T23:29:07 IST" name="getPet" finished-at="2023-07-16T23:29:09 IST" duration-ms="2190" status="PASS">
          <reporter-output>
          </reporter-output>
        </test-method> <!-- getPet -->
        <test-method is-config="true" signature="afterMethod(org.testng.ITestResult)[pri:0, instance:com.test.petstore_api_testing_framework.testcases.PetAPITestCases@11dee337]" started-at="2023-07-16T23:29:09 IST" name="afterMethod" finished-at="2023-07-16T23:29:09 IST" duration-ms="0" status="PASS">
          <params>
            <param index="0">
              <value>
                <![CDATA[[TestResult name=getPet status=SUCCESS method=PetAPITestCases.getPet()[pri:2, instance:com.test.petstore_api_testing_framework.testcases.PetAPITestCases@11dee337] output={null}]]]>
              </value>
            </param>
          </params>
          <reporter-output>
          </reporter-output>
        </test-method> <!-- afterMethod -->
      </class> <!-- com.test.petstore_api_testing_framework.testcases.PetAPITestCases -->
    </test> <!-- Default test -->
  </suite> <!-- Default suite -->
</testng-results>
